make all --print-data-base --no-builtin-variables --no-builtin-rules --question
# GNU Make 3.81
# Copyright (C) 2006  Free Software Foundation, Inc.
# This is free software; see the source for copying conditions.
# There is NO warranty; not even for MERCHANTABILITY or FITNESS FOR A
# PARTICULAR PURPOSE.

# This program built for i386-apple-darwin11.3.0
 

# Make data base, printed on Sat Oct  9 09:38:03 2021

# Variables

# automatic
<D = $(patsubst %/,%,$(dir $<))
 
# automatic
?F = $(notdir $?)
# environment
ELECTRON_NO_ATTACH_CONSOLE = 1
# environment
VSCODE_LOG_NATIVE = false
# automatic
?D = $(patsubst %/,%,$(dir $?))
# makefile (from `Makefile', line 97)
PROJECT_DIR := /Users/apple/code/dtcontroller
# automatic
@D = $(patsubst %/,%,$(dir $@))
# automatic
@F = $(notdir $@)
# makefile
CURDIR := /Users/apple/code/dtcontroller
# makefile (from `Makefile', line 17)
SHELL = /usr/bin/env bash -o pipefail
# environment
VSCODE_NLS_CONFIG = {"locale":"zh-cn","availableLanguages":{"*":"zh-cn"},"_languagePackId":"222b4d3b1dfbc8b78c314dbaa3707709.zh-cn","_translationsConfigFile":"/Users/apple/Library/Application Support/Code/clp/222b4d3b1dfbc8b78c314dbaa3707709.zh-cn/tcf.json","_cacheRoot":"/Users/apple/Library/Application Support/Code/clp/222b4d3b1dfbc8b78c314dbaa3707709.zh-cn","_resolvedLanguagePackCoreLocation":"/Users/apple/Library/Application Support/Code/clp/222b4d3b1dfbc8b78c314dbaa3707709.zh-cn/ee8c7def80afc00dd6e593ef12f37756d8f504ea","_corruptedFile":"/Users/apple/Library/Application Support/Code/clp/222b4d3b1dfbc8b78c314dbaa3707709.zh-cn/corrupted.info","_languagePackSupport":true}
# environment
_ = /usr/bin/make
# makefile (from `Makefile', line 1)
MAKEFILE_LIST :=  Makefile
# environment
VSCODE_VERBOSE_LOGGING = true
# makefile (from `Makefile', line 52)
ENVTEST_ASSETS_DIR = $(shell pwd)/testbin
# environment
VSCODE_IPC_HOOK_EXTHOST = /var/folders/2d/sw533xss01xgmsypmyn_s0c00000gn/T/vscode-ipc-3691a664-fe4f-4579-869a-bc385b0a5888.sock
# environment
VSCODE_CWD = /Users/apple/code/dtcontroller
# environment
Apple_PubSub_Socket_Render = /private/tmp/com.apple.launchd.fon8JMoTpM/Render
# makefile (from `Makefile', line 98)
go-get-tool = @[ -f $(1) ] || { set -e ; TMP_DIR=$$(mktemp -d) ; cd $$TMP_DIR ; go mod init tmp ; echo "Downloading $(2)" ; GOBIN=$(PROJECT_DIR)/bin go get $(2) ; rm -rf $$TMP_DIR ; }
# environment
PATH = /usr/local/opt/openjdk@11/bin:/usr/local/opt/openjdk@8/bin:/usr/local/opt/openjdk/bin:/usr/local/opt/maven@3.3/bin:/usr/local/opt/openjdk@8/bin:/usr/local/opt/maven@3.5/bin:/usr/local/opt/mysql@5.6/bin:/usr/local/opt/openjdk/bin:/usr/local/opt/node@12/bin:/usr/local/opt/openjdk@8/bin:/usr/local/opt/python@3.7/bin:/usr/local/bin:/usr/bin:/bin:/usr/sbin:/sbin:/usr/local/go/bin:/Applications/Visual Studio Code.app/Contents/Resources/app/bin:/Users/apple/go/bin:/Users/apple/.npm-global/bin:/usr/local/opt/mysql@5.6/bin:/usr/local/opt/openjdk/bin:/usr/local/opt/node@12/bin:/usr/local/opt/openjdk@8/bin:/usr/local/opt/python@3.7/bin:/usr/local/bin:/usr/bin:/bin:/usr/sbin:/sbin:/usr/local/go/bin:/Applications/Visual Studio Code.app/Contents/Resources/app/bin:/Users/apple/go/bin
# environment
LSCOLORS = Gxfxcxdxbxegedabagacad
# environment
VSCODE_LOG_STACK = false
# environment
ELECTRON_RUN_AS_NODE = 1
# default
.FEATURES := target-specific order-only second-expansion else-if archives jobserver check-symlink
# makefile (from `Makefile', line 88)
CONTROLLER_GEN = $(shell pwd)/bin/controller-gen
# environment
SSH_AUTH_SOCK = /private/tmp/com.apple.launchd.PjkOrFkZLn/Listeners
# automatic
%F = $(notdir $%)
# makefile (from `Makefile', line 9)
GOBIN = $(shell go env GOPATH)/bin
# environment
VSCODE_PIPE_LOGGING = true
# environment
PWD = /Users/apple/code/dtcontroller
# environment
ORIGINAL_XDG_CURRENT_DESKTOP = undefined
# environment
VSCODE_AMD_ENTRYPOINT = vs/workbench/services/extensions/node/extensionHostProcess
# environment
HOME = /Users/apple
# default
MAKEFILEPATH = $(shell /usr/bin/xcode-select -print-path 2>/dev/null || echo /Developer)/Makefiles
# environment
VSCODE_CLI = 1
# environment
VSCODE_CODE_CACHE_PATH = /Users/apple/Library/Application Support/Code/CachedData/ee8c7def80afc00dd6e593ef12f37756d8f504ea
# environment
LOGNAME = apple
# environment
APPLICATION_INSIGHTS_NO_DIAGNOSTIC_CHANNEL = true
# environment
ZSH = /Users/apple/.oh-my-zsh
# environment
VSCODE_HANDLES_UNCAUGHT_ERRORS = true
# automatic
^D = $(patsubst %/,%,$(dir $^))
# environment
XPC_FLAGS = 0x0
# makefile (from `Makefile', line 5)
CRD_OPTIONS = "crd:trivialVersions=true,preserveUnknownFields=false"
# default
MAKE = $(MAKE_COMMAND)
# default
MAKECMDGOALS := all
# environment
SHLVL = 3
# environment
JAVA_HOME = /usr/local/Cellar/openjdk/1.8.0+282
# default
MAKE_VERSION := 3.81
# environment
USER = apple
# makefile
.DEFAULT_GOAL := all
# environment
TERM_SESSION_ID = EA50EECB-2669-48B9-A1CF-2EE05C14682B
# environment
LESS = -R
# automatic
%D = $(patsubst %/,%,$(dir $%))
# default
MAKE_COMMAND := /Library/Developer/CommandLineTools/usr/bin/make
# makefile (from `Makefile', line 92)
KUSTOMIZE = $(shell pwd)/bin/kustomize
# environment
TERM_PROGRAM = Apple_Terminal
# default
.VARIABLES := 
# environment
TMPDIR = /var/folders/2d/sw533xss01xgmsypmyn_s0c00000gn/T/
# automatic
*F = $(notdir $*)
# makefile (from `Makefile', line 3)
IMG = linjinbao66/dtcontroller:latest
# environment
VSCODE_IPC_HOOK = /Users/apple/Library/Application Support/Code/1.61.0-main.sock
# makefile
MAKEFLAGS = Rrqp
# environment
MFLAGS = -Rrqp
# automatic
*D = $(patsubst %/,%,$(dir $*))
# environment
TERM_PROGRAM_VERSION = 421.1.1
# makefile (from `Makefile', line 18)
.SHELLFLAGS = -ec
# environment
XPC_SERVICE_NAME = 0
# automatic
+D = $(patsubst %/,%,$(dir $+))
# automatic
+F = $(notdir $+)
# environment
__CF_USER_TEXT_ENCODING = 0x1F5:0x19:0x34
# default
MAKEFILES := 
# automatic
<F = $(notdir $<)
# environment
PAGER = less
 
# environment
LC_ALL = C
# automatic
^F = $(notdir $^)
# default
SUFFIXES := 
# default
.INCLUDE_DIRS = /usr/local/include
# environment
MAKELEVEL := 0
# environment
LANG = C
# environment
TERM = xterm-256color
# environment
VSCODE_PID = 79873
# variable set hash-table stats:
# Load=81/1024=8%, Rehash=0, Collisions=2/121=2%

# Pattern-specific Variable Values

# No pattern-specific variable values.

# Directories

# . (device 16777218, inode 17005870): 24 files, no impossibilities.

# 24 files, no impossibilities in 1 directories.

# Implicit Rules

# No implicit rules.

# Files

all: build
#  Command-line target.
#  Implicit rule search has been done.
#  File does not exist.
#  File has been updated.
#  Needs to be updated (-q is set).
# variable set hash-table stats:
# Load=0/32=0%, Rehash=0, Collisions=0/8=0%

docker-build: test
#  Implicit rule search has not been done.
#  Modification time never checked.
#  File has not been updated.
#  commands to execute (from `Makefile', line 67):
	docker build -t ${IMG} .
	

# Not a target:
.SUFFIXES:
#  Implicit rule search has not been done.
#  Modification time never checked.
#  File has not been updated.

uninstall: manifests kustomize
#  Implicit rule search has not been done.
#  Modification time never checked.
#  File has not been updated.
#  commands to execute (from `Makefile', line 78):
	$(KUSTOMIZE) build config/crd | kubectl delete -f -
	

# Not a target:
Makefile:
#  Implicit rule search has been done.
#  Last modified 2021-09-29 11:24:39
#  File has been updated.
#  Successfully updated.
# variable set hash-table stats:
# Load=0/32=0%, Rehash=0, Collisions=0/0=0%

test: manifests generate fmt vet
#  Implicit rule search has not been done.
#  Modification time never checked.
#  File has not been updated.
#  commands to execute (from `Makefile', line 54):
	mkdir -p ${ENVTEST_ASSETS_DIR}
	test -f ${ENVTEST_ASSETS_DIR}/setup-envtest.sh || curl -sSLo ${ENVTEST_ASSETS_DIR}/setup-envtest.sh https://raw.githubusercontent.com/kubernetes-sigs/controller-runtime/v0.8.3/hack/setup-envtest.sh
	source ${ENVTEST_ASSETS_DIR}/setup-envtest.sh; fetch_envtest_tools $(ENVTEST_ASSETS_DIR); setup_envtest_env $(ENVTEST_ASSETS_DIR); go test ./... -coverprofile cover.out
	

build: generate fmt vet
#  Implicit rule search has not been done.
#  File does not exist.
#  File has been updated.
#  Needs to be updated (-q is set).
# variable set hash-table stats:
# Load=0/32=0%, Rehash=0, Collisions=0/8=0%
#  commands to execute (from `Makefile', line 61):
	go build -o bin/manager main.go
	

vet:
#  Implicit rule search has not been done.
#  Modification time never checked.
#  File has not been updated.
#  commands to execute (from `Makefile', line 50):
	go vet ./...
	

help:
#  Implicit rule search has not been done.
#  Modification time never checked.
#  File has not been updated.
#  commands to execute (from `Makefile', line 36):
	@awk 'BEGIN {FS = ":.*##"; printf "\nUsage:\n  make \033[36m<target>\033[0m\n"} /^[a-zA-Z_0-9-]+:.*?##/ { printf "  \033[36m%-15s\033[0m %s\n", $$1, $$2 } /^##@/ { printf "\n\033[1m%s\033[0m\n", substr($$0, 5) } ' $(MAKEFILE_LIST)
	

kustomize:
#  Implicit rule search has not been done.
#  Modification time never checked.
#  File has not been updated.
#  commands to execute (from `Makefile', line 94):
	$(call go-get-tool,$(KUSTOMIZE),sigs.k8s.io/kustomize/kustomize/v3@v3.8.7)
	

generate: controller-gen
#  Implicit rule search has not been done.
#  File does not exist.
#  File has been updated.
#  Needs to be updated (-q is set).
# variable set hash-table stats:
# Load=0/32=0%, Rehash=0, Collisions=0/8=0%
#  commands to execute (from `Makefile', line 44):
	$(CONTROLLER_GEN) object:headerFile="hack/boilerplate.go.txt" paths="./..."
	

undeploy:
#  Implicit rule search has not been done.
#  Modification time never checked.
#  File has not been updated.
#  commands to execute (from `Makefile', line 85):
	$(KUSTOMIZE) build config/default | kubectl delete -f -
	

manifests: controller-gen
#  Implicit rule search has not been done.
#  Modification time never checked.
#  File has not been updated.
#  commands to execute (from `Makefile', line 41):
	$(CONTROLLER_GEN) $(CRD_OPTIONS) rbac:roleName=manager-role webhook paths="./..." output:crd:artifacts:config=config/crd/bases
	

# Not a target:
.DEFAULT:
#  Implicit rule search has not been done.
#  Modification time never checked.
#  File has not been updated.

run: manifests generate fmt vet
#  Implicit rule search has not been done.
#  Modification time never checked.
#  File has not been updated.
#  commands to execute (from `Makefile', line 64):
	go run ./main.go
	

fmt:
#  Implicit rule search has not been done.
#  Modification time never checked.
#  File has not been updated.
#  commands to execute (from `Makefile', line 47):
	go fmt ./...
	

deploy: manifests kustomize
#  Implicit rule search has not been done.
#  Modification time never checked.
#  File has not been updated.
#  commands to execute (from `Makefile', line 81):
	cd config/manager && $(KUSTOMIZE) edit set image controller=${IMG}
	$(KUSTOMIZE) build config/default | kubectl apply -f -
	

controller-gen:
#  Implicit rule search has not been done.
#  Implicit/static pattern stem: `'
#  File does not exist.
#  File has been updated.
#  Needs to be updated (-q is set).
# automatic
# @ := controller-gen
# automatic
# % := 
# automatic
# * := 
# automatic
# + := 
# automatic
# | := 
# automatic
# < := 
# automatic
# ^ := 
# automatic
# ? := 
# variable set hash-table stats:
# Load=8/32=25%, Rehash=0, Collisions=2/16=12%
#  commands to execute (from `Makefile', line 90):
	$(call go-get-tool,$(CONTROLLER_GEN),sigs.k8s.io/controller-tools/cmd/controller-gen@v0.4.1)
	

docker-push:
#  Implicit rule search has not been done.
#  Modification time never checked.
#  File has not been updated.
#  commands to execute (from `Makefile', line 70):
	docker push ${IMG}
	

install: manifests kustomize
#  Implicit rule search has not been done.
#  Modification time never checked.
#  File has not been updated.
#  commands to execute (from `Makefile', line 75):
	$(KUSTOMIZE) build config/crd | kubectl apply -f -
	

# files hash-table stats:
# Load=20/1024=2%, Rehash=0, Collisions=1/55=2%
# VPATH Search Paths

# No `vpath' search paths.

# No general (`VPATH' variable) search path.

# # of strings in strcache: 1
# # of strcache buffers: 1
# strcache size: total = 4096 / max = 4096 / min = 4096 / avg = 4096
# strcache free: total = 4087 / max = 4087 / min = 4087 / avg = 4087

# Finished Make data base on Sat Oct  9 09:38:03 2021

 
